0 info it worked if it ends with ok
1 verbose cli [ '/usr/local/bin/node',
1 verbose cli   '/usr/local/bin/npm',
1 verbose cli   'install',
1 verbose cli   '--save',
1 verbose cli   'jquery-xdr' ]
2 info using npm@1.4.3
3 info using node@v0.11.12
4 warn package.json jquery.scrollto@1.4.13 No repository field.
5 verbose readDependencies using package.json deps
6 verbose cache add [ 'jquery-xdr', null ]
7 verbose cache add name=undefined spec="jquery-xdr" args=["jquery-xdr",null]
8 verbose parsed url { protocol: null,
8 verbose parsed url   slashes: null,
8 verbose parsed url   auth: null,
8 verbose parsed url   host: null,
8 verbose parsed url   port: null,
8 verbose parsed url   hostname: null,
8 verbose parsed url   hash: null,
8 verbose parsed url   search: null,
8 verbose parsed url   query: null,
8 verbose parsed url   pathname: 'jquery-xdr',
8 verbose parsed url   path: 'jquery-xdr',
8 verbose parsed url   href: 'jquery-xdr' }
9 silly lockFile 8c3d09f9-jquery-xdr jquery-xdr
10 verbose lock jquery-xdr /Users/alexkonrad/.npm/8c3d09f9-jquery-xdr.lock
11 silly lockFile 8c3d09f9-jquery-xdr jquery-xdr
12 silly lockFile 8c3d09f9-jquery-xdr jquery-xdr
13 verbose addNamed [ 'jquery-xdr', '' ]
14 verbose addNamed [ null, '*' ]
15 silly lockFile 208a57c9-jquery-xdr jquery-xdr@
16 verbose lock jquery-xdr@ /Users/alexkonrad/.npm/208a57c9-jquery-xdr.lock
17 silly addNameRange { name: 'jquery-xdr', range: '*', hasData: false }
18 verbose url raw jquery-xdr
19 verbose url resolving [ 'https://registry.npmjs.org/', './jquery-xdr' ]
20 verbose url resolved https://registry.npmjs.org/jquery-xdr
21 info trying registry request attempt 1 at 12:11:22
22 http GET https://registry.npmjs.org/jquery-xdr
23 http 404 https://registry.npmjs.org/jquery-xdr
24 silly registry.get cb [ 404,
24 silly registry.get   { date: 'Fri, 10 Oct 2014 16:11:25 GMT',
24 silly registry.get     server: 'CouchDB/1.5.0 (Erlang OTP/R16B03)',
24 silly registry.get     'content-type': 'application/json',
24 silly registry.get     'cache-control': 'max-age=0',
24 silly registry.get     'content-length': '52',
24 silly registry.get     'accept-ranges': 'bytes',
24 silly registry.get     via: '1.1 varnish',
24 silly registry.get     age: '0',
24 silly registry.get     'x-served-by': 'cache-atl6232-ATL',
24 silly registry.get     'x-cache': 'MISS',
24 silly registry.get     'x-cache-hits': '0',
24 silly registry.get     'x-timer': 'S1412957485.373885,VS0,VE75',
24 silly registry.get     connection: 'close' } ]
25 silly lockFile 208a57c9-jquery-xdr jquery-xdr@
26 silly lockFile 208a57c9-jquery-xdr jquery-xdr@
27 error 404 'jquery-xdr' is not in the npm registry.
27 error 404 You should bug the author to publish it
27 error 404 It was specified as a dependency of 'gulp-starter'
27 error 404
27 error 404 Note that you can also install from a
27 error 404 tarball, folder, or http url, or git url.
28 error System Darwin 13.4.0
29 error command "/usr/local/bin/node" "/usr/local/bin/npm" "install" "--save" "jquery-xdr"
30 error cwd /Users/alexkonrad/gulp-starter
31 error node -v v0.11.12
32 error npm -v 1.4.3
33 error code E404
34 verbose exit [ 1, true ]
